<?xml version="1.0" encoding="UTF-8"?>
<testsuite name="PersonTest2" tests="9" skipped="0" failures="0" errors="0" timestamp="2022-10-08T06:12:01" hostname="HUY-DESKTOP" time="0.011">
  <properties/>
  <testcase name="testCaculateBMI2_1()" classname="PersonTest2" time="0.001"/>
  <testcase name="testCaculateBMI2_2()" classname="PersonTest2" time="0.001"/>
  <testcase name="testCaculateBMI2_3()" classname="PersonTest2" time="0.001"/>
  <testcase name="testCaculateBMI2_4()" classname="PersonTest2" time="0.0"/>
  <testcase name="testCaculateBMI2_5()" classname="PersonTest2" time="0.001"/>
  <testcase name="testCaculateBMI2_6()" classname="PersonTest2" time="0.0"/>
  <testcase name="testCaculateBMI2_7()" classname="PersonTest2" time="0.001"/>
  <testcase name="testCaculateBMI2_8()" classname="PersonTest2" time="0.0"/>
  <testcase name="testCaculateBMI2_9()" classname="PersonTest2" time="0.0"/>
  <system-out><![CDATA[]]></system-out>
  <system-err><![CDATA[]]></system-err>
</testsuite>
